2013-12-10 04:01:50,043 INFO     Server loop running in process:9753
2013-12-10 04:02:01,982 DEBUG    New request
2013-12-10 04:02:01,984 INFO     handle start, pid: 9756
2013-12-10 04:02:01,985 DEBUG    [PID: 9756] created tk102pid_9756
2013-12-10 04:02:21,318 DEBUG    [PID: 9756] recv((007895979104BP05000007895979104061101V2724.4039N07841.0582E000.0085017000.0000000000L01112F33))
2013-12-10 04:02:21,319 INFO     [PID: 9756] line[0]: ((007895979104BP05000007895979104061101V2724.4039N07841.0582E000.0085017000.0000000000L01112F33))
2013-12-10 04:02:21,319 INFO     [PID: 9756] (007895979104BP05000007895979104061101V2724.4039N07841.0582E000.0085017000.0000000000L01112F33)
2013-12-10 04:02:29,648 DEBUG    [PID: 9756] recv((007895979104BP05000007895979104061101V2724.4039N07841.0582E000.0085017000.0000000000L01112F33))
2013-12-10 04:02:29,649 INFO     [PID: 9756] line[0]: ((007895979104BP05000007895979104061101V2724.4039N07841.0582E000.0085017000.0000000000L01112F33))
2013-12-10 04:02:29,649 INFO     [PID: 9756] (007895979104BP05000007895979104061101V2724.4039N07841.0582E000.0085017000.0000000000L01112F33)
2013-12-10 04:02:51,783 INFO     [PID: 9756] handle finish
2013-12-10 04:02:51,784 INFO     [PID: 9756] bytes read=194 bytes sent=0 points=0
2013-12-10 04:02:53,910 INFO     RMDIR: tk102pid_9756
2013-12-10 04:02:53,910 INFO     Time delta: 16049 days, 4:02:01
2013-12-10 04:02:53,911 INFO     Server loop running in process:9758
2013-12-10 04:17:46,812 INFO     Server loop running in process:9840
2013-12-10 04:17:50,526 DEBUG    New request
2013-12-10 04:17:50,527 INFO     handle start, pid: 9843
2013-12-10 04:17:50,528 DEBUG    [PID: 9843] created tk102pid_9843
2013-12-10 04:18:01,285 DEBUG    [PID: 9843] recv(##,imei:359586015829802,A;)
2013-12-10 04:18:01,285 INFO     [PID: 9843] line[0]: (##,imei:359586015829802,A;)
2013-12-10 04:18:01,286 INFO     [359586015829802] Init: imei 359586015829802
2013-12-10 04:18:01,286 DEBUG    [359586015829802] send: LOAD
2013-12-10 04:18:01,287 DEBUG    [359586015829802] Found startup entry.
2013-12-10 04:18:01,287 DEBUG    [359586015829802] send: **,imei:359586015829802,C,300s
2013-12-10 04:18:31,602 DEBUG    [359586015829802] recv(imei:359586015829802,tracker,000000000,13554900601,L,;)
2013-12-10 04:18:31,603 INFO     [359586015829802] line[0]: (imei:359586015829802,tracker,000000000,13554900601,L,;)
2013-12-10 04:18:54,841 DEBUG    [359586015829802] recv(imei:359587010124900,tracker,0809231929,13554900601,F,112909.397,A,2234.4669,N,11354.3287,E,0.11,;)
2013-12-10 04:18:54,841 INFO     [359586015829802] line[0]: (imei:359587010124900,tracker,0809231929,13554900601,F,112909.397,A,2234.4669,N,11354.3287,E,0.11,;)
2013-12-10 04:19:02,010 DEBUG    [359586015829802] recv(imei:359587010124900,tracker,0809231929,13554900601,F,112909.397,A,2234.4669,N,11354.3287,E,0.11,;)
2013-12-10 04:19:02,010 INFO     [359586015829802] line[0]: (imei:359587010124900,tracker,0809231929,13554900601,F,112909.397,A,2234.4669,N,11354.3287,E,0.11,;)
2013-12-10 04:20:33,014 DEBUG    tk102pid_9843:91
2013-12-10 04:22:03,128 DEBUG    tk102pid_9843:181
2013-12-10 04:22:04,130 DEBUG    tk102pid_9843:182
2013-12-10 04:22:04,130 INFO     Tracker gone after: 0:01:01
2013-12-10 04:22:04,130 INFO     No more data from tracker (9843).
2013-12-10 04:22:04,131 DEBUG    Killing: 9843 imei 359586015829802
2013-12-10 04:22:04,132 INFO     359586015829802: bytes read=286 bytes sent=36
