2013-12-20 20:23:15,524 INFO     Server loop running in process:23485
2013-12-20 20:23:15,525 INFO     No packets in waiting queue
2013-12-20 20:23:20,525 INFO     No packets in waiting queue
2013-12-20 20:23:25,526 INFO     No packets in waiting queue
2013-12-20 20:23:30,527 INFO     No packets in waiting queue
2013-12-20 20:23:35,527 INFO     No packets in waiting queue
2013-12-20 20:23:40,158 DEBUG    New request
2013-12-20 20:23:40,158 INFO     handle start, pid: 23485
2013-12-20 20:23:40,158 DEBUG    [PID: 23485] created pt100pid_23485
2013-12-20 20:23:40,528 INFO     No packets in waiting queue
2013-12-20 20:23:42,217 DEBUG    [PID: 23485] recv(SA200STT;861001003069313;112;20131220;20:23:34;340F;+28.5786616;+77.2554037;0.00;307.52;7;1;0;11.30;0.000;0000000;1;0;0;6850)
2013-12-20 20:23:42,218 INFO     [PID: 23485] line[0]: (SA200STT;861001003069313;112;20131220;20:23:34;340F;+28.5786616;+77.2554037;0.00;307.52;7;1;0;11.30;0.000;0000000;1;0;0;6850)
2013-12-20 20:23:42,218 INFO     [861001003069313] Init: imei 861001003069313
2013-12-20 20:23:45,529 INFO     1 Packets in waiting queue
2013-12-20 20:23:45,972 INFO     0 Packets posted
2013-12-20 20:23:50,973 INFO     No packets in waiting queue
2013-12-20 20:23:55,973 INFO     No packets in waiting queue
2013-12-20 20:24:00,974 INFO     No packets in waiting queue
2013-12-20 20:24:05,975 INFO     No packets in waiting queue
2013-12-20 20:24:07,799 DEBUG    [861001003069313] recv(SA200STT;861001003069313;112;20131220;20:24:04;340F;+28.5786609;+77.2553870;0.00;307.52;10;1;0;11.30;0.000;0000000;1;0;0;6851)
2013-12-20 20:24:07,799 INFO     [861001003069313] line[0]: (SA200STT;861001003069313;112;20131220;20:24:04;340F;+28.5786609;+77.2553870;0.00;307.52;10;1;0;11.30;0.000;0000000;1;0;0;6851)
2013-12-20 20:24:07,799 INFO     [861001003069313] Init: imei 861001003069313
2013-12-20 20:24:10,975 INFO     1 Packets in waiting queue
2013-12-20 20:24:11,206 INFO     0 Packets posted
2013-12-20 20:31:44,563 INFO     RMDIR: pt100pid_23485
2013-12-20 20:31:44,563 INFO     Time delta: 0:00:27
2013-12-20 20:31:44,564 INFO     Server loop running in process:23537
2013-12-20 20:31:44,565 INFO     No packets in waiting queue
2013-12-20 20:31:49,566 INFO     No packets in waiting queue
2013-12-20 20:31:54,567 INFO     No packets in waiting queue
2013-12-20 20:31:59,567 INFO     No packets in waiting queue
2013-12-20 20:32:04,568 INFO     No packets in waiting queue
2013-12-20 20:32:09,569 INFO     No packets in waiting queue
2013-12-20 20:32:10,140 DEBUG    New request
2013-12-20 20:32:10,140 INFO     handle start, pid: 23537
2013-12-20 20:32:10,141 DEBUG    [PID: 23537] created pt100pid_23537
2013-12-20 20:32:12,138 DEBUG    [PID: 23537] recv(SA200STT;861001003069313;112;20131220;20:32:03;340F;+28.5786632;+77.2553884;0.00;307.17;8;1;0;11.30;0.000;0000000;1;0;0;6867)
2013-12-20 20:32:12,138 INFO     [PID: 23537] line[0]: (SA200STT;861001003069313;112;20131220;20:32:03;340F;+28.5786632;+77.2553884;0.00;307.17;8;1;0;11.30;0.000;0000000;1;0;0;6867)
2013-12-20 20:32:12,139 INFO     [861001003069313] Init: imei 861001003069313
2013-12-20 20:32:14,569 INFO     1 Packets in waiting queue
2013-12-20 20:32:14,951 INFO     0 Packets posted
2013-12-20 20:32:19,952 INFO     No packets in waiting queue
2013-12-20 20:32:24,953 INFO     No packets in waiting queue
2013-12-20 20:32:29,953 INFO     No packets in waiting queue
2013-12-20 20:32:34,954 INFO     No packets in waiting queue
2013-12-20 20:32:37,740 DEBUG    [861001003069313] recv(SA200STT;861001003069313;112;20131220;20:32:34;340F;+28.5786757;+77.2554069;0.00;307.17;10;1;0;11.30;0.000;0000000;1;0;0;6868)
2013-12-20 20:32:37,741 INFO     [861001003069313] line[0]: (SA200STT;861001003069313;112;20131220;20:32:34;340F;+28.5786757;+77.2554069;0.00;307.17;10;1;0;11.30;0.000;0000000;1;0;0;6868)
2013-12-20 20:32:37,741 INFO     [861001003069313] Init: imei 861001003069313
2013-12-20 20:32:39,955 INFO     1 Packets in waiting queue
2013-12-20 20:32:40,307 INFO     0 Packets posted
2013-12-20 20:32:45,307 INFO     No packets in waiting queue
2013-12-20 20:32:50,308 INFO     No packets in waiting queue
2013-12-20 20:32:55,309 INFO     No packets in waiting queue
2013-12-20 20:33:00,310 INFO     No packets in waiting queue
2013-12-20 20:33:05,311 INFO     No packets in waiting queue
2013-12-20 20:33:07,779 DEBUG    [861001003069313] recv(SA200STT;861001003069313;112;20131220;20:33:04;340F;+28.5786735;+77.2554087;0.00;307.17;10;1;0;11.30;0.000;0000000;1;0;0;6869)
2013-12-20 20:33:07,779 INFO     [861001003069313] line[0]: (SA200STT;861001003069313;112;20131220;20:33:04;340F;+28.5786735;+77.2554087;0.00;307.17;10;1;0;11.30;0.000;0000000;1;0;0;6869)
2013-12-20 20:33:07,780 INFO     [861001003069313] Init: imei 861001003069313
2013-12-20 20:33:10,312 INFO     1 Packets in waiting queue
2013-12-20 20:33:10,503 INFO     0 Packets posted
2013-12-20 20:33:15,503 INFO     No packets in waiting queue
2013-12-20 20:33:20,504 INFO     No packets in waiting queue
2013-12-20 20:33:25,505 INFO     No packets in waiting queue
2013-12-20 20:33:30,506 INFO     No packets in waiting queue
2013-12-20 20:33:35,507 INFO     No packets in waiting queue
2013-12-20 20:33:37,759 DEBUG    [861001003069313] recv(SA200STT;861001003069313;112;20131220;20:33:34;340F;+28.5786735;+77.2554087;0.00;307.17;10;1;0;11.30;0.000;0000000;1;0;0;6870)
2013-12-20 20:33:37,760 INFO     [861001003069313] line[0]: (SA200STT;861001003069313;112;20131220;20:33:34;340F;+28.5786735;+77.2554087;0.00;307.17;10;1;0;11.30;0.000;0000000;1;0;0;6870)
2013-12-20 20:33:37,760 INFO     [861001003069313] Init: imei 861001003069313
2013-12-20 20:33:40,507 INFO     1 Packets in waiting queue
2013-12-20 20:33:40,702 INFO     0 Packets posted
2013-12-20 20:33:41,707 DEBUG    pt100pid_23537:91
2013-12-20 20:33:45,702 INFO     No packets in waiting queue
2013-12-20 20:33:50,703 INFO     No packets in waiting queue
2013-12-20 20:33:55,704 INFO     No packets in waiting queue
2013-12-20 20:34:00,705 INFO     No packets in waiting queue
2013-12-20 20:34:05,705 INFO     No packets in waiting queue
2013-12-20 20:34:07,759 DEBUG    [861001003069313] recv(SA200STT;861001003069313;112;20131220;20:34:04;340F;+28.5786735;+77.2554087;0.00;307.17;10;1;0;11.30;0.000;0000000;1;0;0;6871)
2013-12-20 20:34:07,759 INFO     [861001003069313] line[0]: (SA200STT;861001003069313;112;20131220;20:34:04;340F;+28.5786735;+77.2554087;0.00;307.17;10;1;0;11.30;0.000;0000000;1;0;0;6871)
2013-12-20 20:34:07,759 INFO     [861001003069313] Init: imei 861001003069313
2013-12-20 20:34:10,706 INFO     1 Packets in waiting queue
2013-12-20 20:34:10,864 INFO     0 Packets posted
2013-12-20 20:34:15,865 INFO     No packets in waiting queue
2013-12-20 20:34:20,866 INFO     No packets in waiting queue
2013-12-20 20:34:25,867 INFO     No packets in waiting queue
2013-12-20 20:34:30,867 INFO     No packets in waiting queue
2013-12-20 20:34:35,868 INFO     No packets in waiting queue
2013-12-20 20:34:37,740 DEBUG    [861001003069313] recv(SA200STT;861001003069313;112;20131220;20:34:34;340F;+28.5786735;+77.2554087;0.00;307.17;10;1;0;11.30;0.000;0000000;1;0;0;6872)
2013-12-20 20:34:37,740 INFO     [861001003069313] line[0]: (SA200STT;861001003069313;112;20131220;20:34:34;340F;+28.5786735;+77.2554087;0.00;307.17;10;1;0;11.30;0.000;0000000;1;0;0;6872)
2013-12-20 20:34:37,740 INFO     [861001003069313] Init: imei 861001003069313
2013-12-20 20:34:40,869 INFO     1 Packets in waiting queue
2013-12-20 20:34:41,038 INFO     0 Packets posted
2013-12-20 20:34:46,039 INFO     No packets in waiting queue
2013-12-20 20:34:51,039 INFO     No packets in waiting queue
2013-12-20 20:34:56,040 INFO     No packets in waiting queue
2013-12-20 20:35:01,041 INFO     No packets in waiting queue
2013-12-20 20:35:06,042 INFO     No packets in waiting queue
2013-12-20 20:35:07,759 DEBUG    [861001003069313] recv(SA200STT;861001003069313;112;20131220;20:35:04;340F;+28.5786735;+77.2554087;0.00;307.17;10;1;0;11.30;0.000;0000000;1;0;0;6873)
2013-12-20 20:35:07,760 INFO     [861001003069313] line[0]: (SA200STT;861001003069313;112;20131220;20:35:04;340F;+28.5786735;+77.2554087;0.00;307.17;10;1;0;11.30;0.000;0000000;1;0;0;6873)
2013-12-20 20:35:07,760 INFO     [861001003069313] Init: imei 861001003069313
2013-12-20 20:35:11,042 INFO     1 Packets in waiting queue
2013-12-20 20:35:11,199 INFO     0 Packets posted
2013-12-20 20:35:11,819 DEBUG    pt100pid_23537:181
2013-12-20 20:35:12,821 DEBUG    pt100pid_23537:182
2013-12-20 20:35:12,821 INFO     Tracker gone after: 0:02:57
2013-12-20 20:35:12,822 INFO     No more data from tracker (23537).
2013-12-20 20:35:12,823 DEBUG    Killing: 23537 imei 861001003069313
